****************************************
Report : power
        -significant_digits 2
Design : top
Version: R-2020.09-SP3
Date   : Mon Jan  8 23:01:13 2024
****************************************
Infomation: Fast mode activity propagation power.rtl_activity_annotation setup is ignored. Always use accurate mode.
Scenario Mfunc:max, iteration 1: expecting at least 5
Scenario Mfunc:max, iteration 2: expecting at least 6
Scenario Mfunc:max, iteration 3: expecting at least 7
Scenario Mfunc:max, iteration 4: expecting at least 7
Scenario Mfunc:max, iteration 5: expecting at least 7
Scenario Mfunc:max, iteration 6: expecting at least 7
Scenario Mfunc:max, iteration 7: expecting at least 7
Mode: Mfunc
Corner: max
Scenario: Mfunc:max
Voltage: 1.62
Temperature: 125.00

Voltage Unit         : 1V
Capacitance Unit     : 1pF
Time Unit            : 1ns
Temperature Unit     : 1C
Dynamic Power Unit   : 1pW
Leakage Power Unit   : 1pW

Switched supply net power scaling:
scaling for leakage power

Supply nets:
VDD (power) probability 1.00 (default)
VSS (ground) probability 1.00 (default)
Warning: Rise toggles on pin CPU_wrapper/DM_address_reg_reg_15_/Q are impossible given input states; converted to fall toggles. (POW-069)
Warning: Rise toggles on pin CPU_wrapper/DM_address_reg_reg_1_/Q are impossible given input states; converted to fall toggles. (POW-069)
Warning: Rise toggles on pin CPU_wrapper/DM_address_reg_reg_0_/Q are impossible given input states; converted to fall toggles. (POW-069)
Warning: Fall toggles on pin axi_duv_bridge/r_s1/rempty_reg/Q are impossible given input states; converted to rise toggles. (POW-069)

  Cell Internal Power    = 1.81e+11 pW ( 96.7%)
  Net Switching Power    = 6.18e+09 pW (  3.3%)
Total Dynamic Power      = 1.88e+11 pW (100.0%)

Cell Leakage Power       = 1.32e+09 pW


  Attributes
  ----------
      u  -  User defined power group

Power Group         Internal Power        Switching Power          Leakage Power            Total Power    (   %  )    Attrs
-----------------------------------------------------------------------------------------------------------------------------
io_pad                    0.00e+00               0.00e+00               0.00e+00               0.00e+00    (  0.0%)         
memory                    1.62e+11               3.27e+08               1.27e+09               1.64e+11    ( 86.6%)         
black_box                 0.00e+00               0.00e+00               0.00e+00               0.00e+00    (  0.0%)         
clock_network             1.93e+10               5.49e+09               2.21e+05               2.48e+10    ( 13.1%)         
register                  4.02e+07               1.25e+07               2.44e+07               7.71e+07    (  0.0%)         
sequential                7.99e+06               3.20e+05               4.43e+05               8.75e+06    (  0.0%)         
combinational             5.98e+07               3.58e+08               2.35e+07               4.41e+08    (  0.2%)         
-----------------------------------------------------------------------------------------------------------------------------
Total                     1.81e+11 pW            6.18e+09 pW            1.32e+09 pW            1.89e+11 pW
1
