 
****************************************
Report : area
Design : top
Version: P-2019.03-SP1-1
Date   : Mon Jan  8 22:11:27 2024
****************************************

Library(s) Used:

    fsa0m_a_generic_core_ss1p62v125c (File: /usr/cad/CBDK/CBDK018_UMC_Faraday_v1.0/orig_lib/fsa0m_a/2009Q2v2.0/GENERIC_CORE/FrontEnd/synopsys/fsa0m_a_generic_core_ss1p62v125c.db)
    SRAM_WC (File: /home/user2/vsd23/vsd2371/vsd_final_ex/sim/SRAM/SRAM_WC.db)
    tag_array_WC (File: /home/user2/vsd23/vsd2371/vsd_final_ex/sim/tag_array/tag_array_WC.db)
    data_array_WC (File: /home/user2/vsd23/vsd2371/vsd_final_ex/sim/data_array/data_array_WC.db)

Number of ports:                        12806
Number of nets:                         48789
Number of cells:                        35355
Number of combinational cells:          28632
Number of sequential cells:              6615
Number of macros/black boxes:               6
Number of buf/inv:                       7341
Number of references:                      14

Combinational area:             525285.130147
Buf/Inv area:                    78232.491995
Noncombinational area:          375704.079056
Macro/Black Box area:          6059206.679688
Net Interconnect area:      undefined  (Wire load has zero net area)

Total cell area:               6960195.888891
Total area:                 undefined
1
